The system is: Linux - 4.4.4-301.fc23.x86_64 - x86_64
Compiling the C compiler identification source file "CMakeCCompilerId.c" succeeded.
Compiler: /usr/bin/cc 
Build flags: 
Id flags: 

The output was:
0


Compilation of the C compiler identification source "CMakeCCompilerId.c" produced "a.out"

The C compiler identification is GNU, found in "/home/nbain/Downloads/race/CMakeFiles/3.4.1/CompilerIdC/a.out"

Compiling the CXX compiler identification source file "CMakeCXXCompilerId.cpp" succeeded.
Compiler: /usr/bin/c++ 
Build flags: 
Id flags: 

The output was:
0


Compilation of the CXX compiler identification source "CMakeCXXCompilerId.cpp" produced "a.out"

The CXX compiler identification is GNU, found in "/home/nbain/Downloads/race/CMakeFiles/3.4.1/CompilerIdCXX/a.out"

Determining if the C compiler works passed with the following output:
Change Dir: /home/nbain/Downloads/race/CMakeFiles/CMakeTmp

Run Build Command:"/usr/bin/gmake" "cmTC_5397d/fast"
/usr/bin/gmake -f CMakeFiles/cmTC_5397d.dir/build.make CMakeFiles/cmTC_5397d.dir/build
gmake[1]: Entering directory '/home/nbain/Downloads/race/CMakeFiles/CMakeTmp'
Building C object CMakeFiles/cmTC_5397d.dir/testCCompiler.c.o
/usr/bin/cc     -o CMakeFiles/cmTC_5397d.dir/testCCompiler.c.o   -c /home/nbain/Downloads/race/CMakeFiles/CMakeTmp/testCCompiler.c
Linking C executable cmTC_5397d
/usr/bin/cmake -E cmake_link_script CMakeFiles/cmTC_5397d.dir/link.txt --verbose=1
/usr/bin/cc       CMakeFiles/cmTC_5397d.dir/testCCompiler.c.o  -o cmTC_5397d -rdynamic 
gmake[1]: Leaving directory '/home/nbain/Downloads/race/CMakeFiles/CMakeTmp'


Detecting C compiler ABI info compiled with the following output:
Change Dir: /home/nbain/Downloads/race/CMakeFiles/CMakeTmp

Run Build Command:"/usr/bin/gmake" "cmTC_e2101/fast"
/usr/bin/gmake -f CMakeFiles/cmTC_e2101.dir/build.make CMakeFiles/cmTC_e2101.dir/build
gmake[1]: Entering directory '/home/nbain/Downloads/race/CMakeFiles/CMakeTmp'
Building C object CMakeFiles/cmTC_e2101.dir/CMakeCCompilerABI.c.o
/usr/bin/cc     -o CMakeFiles/cmTC_e2101.dir/CMakeCCompilerABI.c.o   -c /usr/share/cmake/Modules/CMakeCCompilerABI.c
Linking C executable cmTC_e2101
/usr/bin/cmake -E cmake_link_script CMakeFiles/cmTC_e2101.dir/link.txt --verbose=1
/usr/bin/cc      -v CMakeFiles/cmTC_e2101.dir/CMakeCCompilerABI.c.o  -o cmTC_e2101 -rdynamic  
Using built-in specs.
COLLECT_GCC=/usr/bin/cc
COLLECT_LTO_WRAPPER=/usr/libexec/gcc/x86_64-redhat-linux/5.3.1/lto-wrapper
Target: x86_64-redhat-linux
Configured with: ../configure --enable-bootstrap --enable-languages=c,c++,objc,obj-c++,fortran,ada,go,lto --prefix=/usr --mandir=/usr/share/man --infodir=/usr/share/info --with-bugurl=http://bugzilla.redhat.com/bugzilla --enable-shared --enable-threads=posix --enable-checking=release --enable-multilib --with-system-zlib --enable-__cxa_atexit --disable-libunwind-exceptions --enable-gnu-unique-object --enable-linker-build-id --with-linker-hash-style=gnu --enable-plugin --enable-initfini-array --disable-libgcj --with-isl --enable-libmpx --enable-gnu-indirect-function --with-tune=generic --with-arch_32=i686 --build=x86_64-redhat-linux
Thread model: posix
gcc version 5.3.1 20151207 (Red Hat 5.3.1-2) (GCC) 
COMPILER_PATH=/usr/libexec/gcc/x86_64-redhat-linux/5.3.1/:/usr/libexec/gcc/x86_64-redhat-linux/5.3.1/:/usr/libexec/gcc/x86_64-redhat-linux/:/usr/lib/gcc/x86_64-redhat-linux/5.3.1/:/usr/lib/gcc/x86_64-redhat-linux/
LIBRARY_PATH=/usr/lib/gcc/x86_64-redhat-linux/5.3.1/:/usr/lib/gcc/x86_64-redhat-linux/5.3.1/../../../../lib64/:/lib/../lib64/:/usr/lib/../lib64/:/usr/lib/gcc/x86_64-redhat-linux/5.3.1/../../../:/lib/:/usr/lib/
COLLECT_GCC_OPTIONS='-v' '-o' 'cmTC_e2101' '-rdynamic' '-mtune=generic' '-march=x86-64'
 /usr/libexec/gcc/x86_64-redhat-linux/5.3.1/collect2 -plugin /usr/libexec/gcc/x86_64-redhat-linux/5.3.1/liblto_plugin.so -plugin-opt=/usr/libexec/gcc/x86_64-redhat-linux/5.3.1/lto-wrapper -plugin-opt=-fresolution=/tmp/ccx6Xgjo.res -plugin-opt=-pass-through=-lgcc -plugin-opt=-pass-through=-lgcc_s -plugin-opt=-pass-through=-lc -plugin-opt=-pass-through=-lgcc -plugin-opt=-pass-through=-lgcc_s --build-id --no-add-needed --eh-frame-hdr --hash-style=gnu -m elf_x86_64 -export-dynamic -dynamic-linker /lib64/ld-linux-x86-64.so.2 -o cmTC_e2101 /usr/lib/gcc/x86_64-redhat-linux/5.3.1/../../../../lib64/crt1.o /usr/lib/gcc/x86_64-redhat-linux/5.3.1/../../../../lib64/crti.o /usr/lib/gcc/x86_64-redhat-linux/5.3.1/crtbegin.o -L/usr/lib/gcc/x86_64-redhat-linux/5.3.1 -L/usr/lib/gcc/x86_64-redhat-linux/5.3.1/../../../../lib64 -L/lib/../lib64 -L/usr/lib/../lib64 -L/usr/lib/gcc/x86_64-redhat-linux/5.3.1/../../.. CMakeFiles/cmTC_e2101.dir/CMakeCCompilerABI.c.o -lgcc --as-needed -lgcc_s --no-as-needed -lc -lgcc --as-needed -lgcc_s --no-as-needed /usr/lib/gcc/x86_64-redhat-linux/5.3.1/crtend.o /usr/lib/gcc/x86_64-redhat-linux/5.3.1/../../../../lib64/crtn.o
gmake[1]: Leaving directory '/home/nbain/Downloads/race/CMakeFiles/CMakeTmp'


Parsed C implicit link information from above output:
  link line regex: [^( *|.*[/\])(ld|([^/\]+-)?ld|collect2)[^/\]*( |$)]
  ignore line: [Change Dir: /home/nbain/Downloads/race/CMakeFiles/CMakeTmp]
  ignore line: []
  ignore line: [Run Build Command:"/usr/bin/gmake" "cmTC_e2101/fast"]
  ignore line: [/usr/bin/gmake -f CMakeFiles/cmTC_e2101.dir/build.make CMakeFiles/cmTC_e2101.dir/build]
  ignore line: [gmake[1]: Entering directory '/home/nbain/Downloads/race/CMakeFiles/CMakeTmp']
  ignore line: [Building C object CMakeFiles/cmTC_e2101.dir/CMakeCCompilerABI.c.o]
  ignore line: [/usr/bin/cc     -o CMakeFiles/cmTC_e2101.dir/CMakeCCompilerABI.c.o   -c /usr/share/cmake/Modules/CMakeCCompilerABI.c]
  ignore line: [Linking C executable cmTC_e2101]
  ignore line: [/usr/bin/cmake -E cmake_link_script CMakeFiles/cmTC_e2101.dir/link.txt --verbose=1]
  ignore line: [/usr/bin/cc      -v CMakeFiles/cmTC_e2101.dir/CMakeCCompilerABI.c.o  -o cmTC_e2101 -rdynamic  ]
  ignore line: [Using built-in specs.]
  ignore line: [COLLECT_GCC=/usr/bin/cc]
  ignore line: [COLLECT_LTO_WRAPPER=/usr/libexec/gcc/x86_64-redhat-linux/5.3.1/lto-wrapper]
  ignore line: [Target: x86_64-redhat-linux]
  ignore line: [Configured with: ../configure --enable-bootstrap --enable-languages=c,c++,objc,obj-c++,fortran,ada,go,lto --prefix=/usr --mandir=/usr/share/man --infodir=/usr/share/info --with-bugurl=http://bugzilla.redhat.com/bugzilla --enable-shared --enable-threads=posix --enable-checking=release --enable-multilib --with-system-zlib --enable-__cxa_atexit --disable-libunwind-exceptions --enable-gnu-unique-object --enable-linker-build-id --with-linker-hash-style=gnu --enable-plugin --enable-initfini-array --disable-libgcj --with-isl --enable-libmpx --enable-gnu-indirect-function --with-tune=generic --with-arch_32=i686 --build=x86_64-redhat-linux]
  ignore line: [Thread model: posix]
  ignore line: [gcc version 5.3.1 20151207 (Red Hat 5.3.1-2) (GCC) ]
  ignore line: [COMPILER_PATH=/usr/libexec/gcc/x86_64-redhat-linux/5.3.1/:/usr/libexec/gcc/x86_64-redhat-linux/5.3.1/:/usr/libexec/gcc/x86_64-redhat-linux/:/usr/lib/gcc/x86_64-redhat-linux/5.3.1/:/usr/lib/gcc/x86_64-redhat-linux/]
  ignore line: [LIBRARY_PATH=/usr/lib/gcc/x86_64-redhat-linux/5.3.1/:/usr/lib/gcc/x86_64-redhat-linux/5.3.1/../../../../lib64/:/lib/../lib64/:/usr/lib/../lib64/:/usr/lib/gcc/x86_64-redhat-linux/5.3.1/../../../:/lib/:/usr/lib/]
  ignore line: [COLLECT_GCC_OPTIONS='-v' '-o' 'cmTC_e2101' '-rdynamic' '-mtune=generic' '-march=x86-64']
  link line: [ /usr/libexec/gcc/x86_64-redhat-linux/5.3.1/collect2 -plugin /usr/libexec/gcc/x86_64-redhat-linux/5.3.1/liblto_plugin.so -plugin-opt=/usr/libexec/gcc/x86_64-redhat-linux/5.3.1/lto-wrapper -plugin-opt=-fresolution=/tmp/ccx6Xgjo.res -plugin-opt=-pass-through=-lgcc -plugin-opt=-pass-through=-lgcc_s -plugin-opt=-pass-through=-lc -plugin-opt=-pass-through=-lgcc -plugin-opt=-pass-through=-lgcc_s --build-id --no-add-needed --eh-frame-hdr --hash-style=gnu -m elf_x86_64 -export-dynamic -dynamic-linker /lib64/ld-linux-x86-64.so.2 -o cmTC_e2101 /usr/lib/gcc/x86_64-redhat-linux/5.3.1/../../../../lib64/crt1.o /usr/lib/gcc/x86_64-redhat-linux/5.3.1/../../../../lib64/crti.o /usr/lib/gcc/x86_64-redhat-linux/5.3.1/crtbegin.o -L/usr/lib/gcc/x86_64-redhat-linux/5.3.1 -L/usr/lib/gcc/x86_64-redhat-linux/5.3.1/../../../../lib64 -L/lib/../lib64 -L/usr/lib/../lib64 -L/usr/lib/gcc/x86_64-redhat-linux/5.3.1/../../.. CMakeFiles/cmTC_e2101.dir/CMakeCCompilerABI.c.o -lgcc --as-needed -lgcc_s --no-as-needed -lc -lgcc --as-needed -lgcc_s --no-as-needed /usr/lib/gcc/x86_64-redhat-linux/5.3.1/crtend.o /usr/lib/gcc/x86_64-redhat-linux/5.3.1/../../../../lib64/crtn.o]
    arg [/usr/libexec/gcc/x86_64-redhat-linux/5.3.1/collect2] ==> ignore
    arg [-plugin] ==> ignore
    arg [/usr/libexec/gcc/x86_64-redhat-linux/5.3.1/liblto_plugin.so] ==> ignore
    arg [-plugin-opt=/usr/libexec/gcc/x86_64-redhat-linux/5.3.1/lto-wrapper] ==> ignore
    arg [-plugin-opt=-fresolution=/tmp/ccx6Xgjo.res] ==> ignore
    arg [-plugin-opt=-pass-through=-lgcc] ==> ignore
    arg [-plugin-opt=-pass-through=-lgcc_s] ==> ignore
    arg [-plugin-opt=-pass-through=-lc] ==> ignore
    arg [-plugin-opt=-pass-through=-lgcc] ==> ignore
    arg [-plugin-opt=-pass-through=-lgcc_s] ==> ignore
    arg [--build-id] ==> ignore
    arg [--no-add-needed] ==> ignore
    arg [--eh-frame-hdr] ==> ignore
    arg [--hash-style=gnu] ==> ignore
    arg [-m] ==> ignore
    arg [elf_x86_64] ==> ignore
    arg [-export-dynamic] ==> ignore
    arg [-dynamic-linker] ==> ignore
    arg [/lib64/ld-linux-x86-64.so.2] ==> ignore
    arg [-o] ==> ignore
    arg [cmTC_e2101] ==> ignore
    arg [/usr/lib/gcc/x86_64-redhat-linux/5.3.1/../../../../lib64/crt1.o] ==> ignore
    arg [/usr/lib/gcc/x86_64-redhat-linux/5.3.1/../../../../lib64/crti.o] ==> ignore
    arg [/usr/lib/gcc/x86_64-redhat-linux/5.3.1/crtbegin.o] ==> ignore
    arg [-L/usr/lib/gcc/x86_64-redhat-linux/5.3.1] ==> dir [/usr/lib/gcc/x86_64-redhat-linux/5.3.1]
    arg [-L/usr/lib/gcc/x86_64-redhat-linux/5.3.1/../../../../lib64] ==> dir [/usr/lib/gcc/x86_64-redhat-linux/5.3.1/../../../../lib64]
    arg [-L/lib/../lib64] ==> dir [/lib/../lib64]
    arg [-L/usr/lib/../lib64] ==> dir [/usr/lib/../lib64]
    arg [-L/usr/lib/gcc/x86_64-redhat-linux/5.3.1/../../..] ==> dir [/usr/lib/gcc/x86_64-redhat-linux/5.3.1/../../..]
    arg [CMakeFiles/cmTC_e2101.dir/CMakeCCompilerABI.c.o] ==> ignore
    arg [-lgcc] ==> lib [gcc]
    arg [--as-needed] ==> ignore
    arg [-lgcc_s] ==> lib [gcc_s]
    arg [--no-as-needed] ==> ignore
    arg [-lc] ==> lib [c]
    arg [-lgcc] ==> lib [gcc]
    arg [--as-needed] ==> ignore
    arg [-lgcc_s] ==> lib [gcc_s]
    arg [--no-as-needed] ==> ignore
    arg [/usr/lib/gcc/x86_64-redhat-linux/5.3.1/crtend.o] ==> ignore
    arg [/usr/lib/gcc/x86_64-redhat-linux/5.3.1/../../../../lib64/crtn.o] ==> ignore
  remove lib [gcc]
  remove lib [gcc_s]
  remove lib [gcc]
  remove lib [gcc_s]
  collapse library dir [/usr/lib/gcc/x86_64-redhat-linux/5.3.1] ==> [/usr/lib/gcc/x86_64-redhat-linux/5.3.1]
  collapse library dir [/usr/lib/gcc/x86_64-redhat-linux/5.3.1/../../../../lib64] ==> [/usr/lib64]
  collapse library dir [/lib/../lib64] ==> [/lib64]
  collapse library dir [/usr/lib/../lib64] ==> [/usr/lib64]
  collapse library dir [/usr/lib/gcc/x86_64-redhat-linux/5.3.1/../../..] ==> [/usr/lib]
  implicit libs: [c]
  implicit dirs: [/usr/lib/gcc/x86_64-redhat-linux/5.3.1;/usr/lib64;/lib64;/usr/lib]
  implicit fwks: []




Detecting C [-std=c11] compiler features compiled with the following output:
Change Dir: /home/nbain/Downloads/race/CMakeFiles/CMakeTmp

Run Build Command:"/usr/bin/gmake" "cmTC_3cb2e/fast"
/usr/bin/gmake -f CMakeFiles/cmTC_3cb2e.dir/build.make CMakeFiles/cmTC_3cb2e.dir/build
gmake[1]: Entering directory '/home/nbain/Downloads/race/CMakeFiles/CMakeTmp'
Building C object CMakeFiles/cmTC_3cb2e.dir/feature_tests.c.o
/usr/bin/cc    -std=c11 -o CMakeFiles/cmTC_3cb2e.dir/feature_tests.c.o   -c /home/nbain/Downloads/race/CMakeFiles/feature_tests.c
Linking C executable cmTC_3cb2e
/usr/bin/cmake -E cmake_link_script CMakeFiles/cmTC_3cb2e.dir/link.txt --verbose=1
/usr/bin/cc       CMakeFiles/cmTC_3cb2e.dir/feature_tests.c.o  -o cmTC_3cb2e -rdynamic 
gmake[1]: Leaving directory '/home/nbain/Downloads/race/CMakeFiles/CMakeTmp'


    Feature record: C_FEATURE:1c_function_prototypes
    Feature record: C_FEATURE:1c_restrict
    Feature record: C_FEATURE:1c_static_assert
    Feature record: C_FEATURE:1c_variadic_macros


Detecting C [-std=c99] compiler features compiled with the following output:
Change Dir: /home/nbain/Downloads/race/CMakeFiles/CMakeTmp

Run Build Command:"/usr/bin/gmake" "cmTC_6b479/fast"
/usr/bin/gmake -f CMakeFiles/cmTC_6b479.dir/build.make CMakeFiles/cmTC_6b479.dir/build
gmake[1]: Entering directory '/home/nbain/Downloads/race/CMakeFiles/CMakeTmp'
Building C object CMakeFiles/cmTC_6b479.dir/feature_tests.c.o
/usr/bin/cc    -std=c99 -o CMakeFiles/cmTC_6b479.dir/feature_tests.c.o   -c /home/nbain/Downloads/race/CMakeFiles/feature_tests.c
Linking C executable cmTC_6b479
/usr/bin/cmake -E cmake_link_script CMakeFiles/cmTC_6b479.dir/link.txt --verbose=1
/usr/bin/cc       CMakeFiles/cmTC_6b479.dir/feature_tests.c.o  -o cmTC_6b479 -rdynamic 
gmake[1]: Leaving directory '/home/nbain/Downloads/race/CMakeFiles/CMakeTmp'


    Feature record: C_FEATURE:1c_function_prototypes
    Feature record: C_FEATURE:1c_restrict
    Feature record: C_FEATURE:0c_static_assert
    Feature record: C_FEATURE:1c_variadic_macros


Detecting C [-std=c90] compiler features compiled with the following output:
Change Dir: /home/nbain/Downloads/race/CMakeFiles/CMakeTmp

Run Build Command:"/usr/bin/gmake" "cmTC_6479e/fast"
/usr/bin/gmake -f CMakeFiles/cmTC_6479e.dir/build.make CMakeFiles/cmTC_6479e.dir/build
gmake[1]: Entering directory '/home/nbain/Downloads/race/CMakeFiles/CMakeTmp'
Building C object CMakeFiles/cmTC_6479e.dir/feature_tests.c.o
/usr/bin/cc    -std=c90 -o CMakeFiles/cmTC_6479e.dir/feature_tests.c.o   -c /home/nbain/Downloads/race/CMakeFiles/feature_tests.c
Linking C executable cmTC_6479e
/usr/bin/cmake -E cmake_link_script CMakeFiles/cmTC_6479e.dir/link.txt --verbose=1
/usr/bin/cc       CMakeFiles/cmTC_6479e.dir/feature_tests.c.o  -o cmTC_6479e -rdynamic 
gmake[1]: Leaving directory '/home/nbain/Downloads/race/CMakeFiles/CMakeTmp'


    Feature record: C_FEATURE:1c_function_prototypes
    Feature record: C_FEATURE:0c_restrict
    Feature record: C_FEATURE:0c_static_assert
    Feature record: C_FEATURE:0c_variadic_macros
Determining if the CXX compiler works passed with the following output:
Change Dir: /home/nbain/Downloads/race/CMakeFiles/CMakeTmp

Run Build Command:"/usr/bin/gmake" "cmTC_8a62d/fast"
/usr/bin/gmake -f CMakeFiles/cmTC_8a62d.dir/build.make CMakeFiles/cmTC_8a62d.dir/build
gmake[1]: Entering directory '/home/nbain/Downloads/race/CMakeFiles/CMakeTmp'
Building CXX object CMakeFiles/cmTC_8a62d.dir/testCXXCompiler.cxx.o
/usr/bin/c++      -o CMakeFiles/cmTC_8a62d.dir/testCXXCompiler.cxx.o -c /home/nbain/Downloads/race/CMakeFiles/CMakeTmp/testCXXCompiler.cxx
Linking CXX executable cmTC_8a62d
/usr/bin/cmake -E cmake_link_script CMakeFiles/cmTC_8a62d.dir/link.txt --verbose=1
/usr/bin/c++        CMakeFiles/cmTC_8a62d.dir/testCXXCompiler.cxx.o  -o cmTC_8a62d -rdynamic 
gmake[1]: Leaving directory '/home/nbain/Downloads/race/CMakeFiles/CMakeTmp'


Detecting CXX compiler ABI info compiled with the following output:
Change Dir: /home/nbain/Downloads/race/CMakeFiles/CMakeTmp

Run Build Command:"/usr/bin/gmake" "cmTC_5d04a/fast"
/usr/bin/gmake -f CMakeFiles/cmTC_5d04a.dir/build.make CMakeFiles/cmTC_5d04a.dir/build
gmake[1]: Entering directory '/home/nbain/Downloads/race/CMakeFiles/CMakeTmp'
Building CXX object CMakeFiles/cmTC_5d04a.dir/CMakeCXXCompilerABI.cpp.o
/usr/bin/c++      -o CMakeFiles/cmTC_5d04a.dir/CMakeCXXCompilerABI.cpp.o -c /usr/share/cmake/Modules/CMakeCXXCompilerABI.cpp
Linking CXX executable cmTC_5d04a
/usr/bin/cmake -E cmake_link_script CMakeFiles/cmTC_5d04a.dir/link.txt --verbose=1
/usr/bin/c++       -v CMakeFiles/cmTC_5d04a.dir/CMakeCXXCompilerABI.cpp.o  -o cmTC_5d04a -rdynamic  
Using built-in specs.
COLLECT_GCC=/usr/bin/c++
COLLECT_LTO_WRAPPER=/usr/libexec/gcc/x86_64-redhat-linux/5.3.1/lto-wrapper
Target: x86_64-redhat-linux
Configured with: ../configure --enable-bootstrap --enable-languages=c,c++,objc,obj-c++,fortran,ada,go,lto --prefix=/usr --mandir=/usr/share/man --infodir=/usr/share/info --with-bugurl=http://bugzilla.redhat.com/bugzilla --enable-shared --enable-threads=posix --enable-checking=release --enable-multilib --with-system-zlib --enable-__cxa_atexit --disable-libunwind-exceptions --enable-gnu-unique-object --enable-linker-build-id --with-linker-hash-style=gnu --enable-plugin --enable-initfini-array --disable-libgcj --with-isl --enable-libmpx --enable-gnu-indirect-function --with-tune=generic --with-arch_32=i686 --build=x86_64-redhat-linux
Thread model: posix
gcc version 5.3.1 20151207 (Red Hat 5.3.1-2) (GCC) 
COMPILER_PATH=/usr/libexec/gcc/x86_64-redhat-linux/5.3.1/:/usr/libexec/gcc/x86_64-redhat-linux/5.3.1/:/usr/libexec/gcc/x86_64-redhat-linux/:/usr/lib/gcc/x86_64-redhat-linux/5.3.1/:/usr/lib/gcc/x86_64-redhat-linux/
LIBRARY_PATH=/usr/lib/gcc/x86_64-redhat-linux/5.3.1/:/usr/lib/gcc/x86_64-redhat-linux/5.3.1/../../../../lib64/:/lib/../lib64/:/usr/lib/../lib64/:/usr/lib/gcc/x86_64-redhat-linux/5.3.1/../../../:/lib/:/usr/lib/
COLLECT_GCC_OPTIONS='-v' '-o' 'cmTC_5d04a' '-rdynamic' '-shared-libgcc' '-mtune=generic' '-march=x86-64'
 /usr/libexec/gcc/x86_64-redhat-linux/5.3.1/collect2 -plugin /usr/libexec/gcc/x86_64-redhat-linux/5.3.1/liblto_plugin.so -plugin-opt=/usr/libexec/gcc/x86_64-redhat-linux/5.3.1/lto-wrapper -plugin-opt=-fresolution=/tmp/ccp8q6nZ.res -plugin-opt=-pass-through=-lgcc_s -plugin-opt=-pass-through=-lgcc -plugin-opt=-pass-through=-lc -plugin-opt=-pass-through=-lgcc_s -plugin-opt=-pass-through=-lgcc --build-id --no-add-needed --eh-frame-hdr --hash-style=gnu -m elf_x86_64 -export-dynamic -dynamic-linker /lib64/ld-linux-x86-64.so.2 -o cmTC_5d04a /usr/lib/gcc/x86_64-redhat-linux/5.3.1/../../../../lib64/crt1.o /usr/lib/gcc/x86_64-redhat-linux/5.3.1/../../../../lib64/crti.o /usr/lib/gcc/x86_64-redhat-linux/5.3.1/crtbegin.o -L/usr/lib/gcc/x86_64-redhat-linux/5.3.1 -L/usr/lib/gcc/x86_64-redhat-linux/5.3.1/../../../../lib64 -L/lib/../lib64 -L/usr/lib/../lib64 -L/usr/lib/gcc/x86_64-redhat-linux/5.3.1/../../.. CMakeFiles/cmTC_5d04a.dir/CMakeCXXCompilerABI.cpp.o -lstdc++ -lm -lgcc_s -lgcc -lc -lgcc_s -lgcc /usr/lib/gcc/x86_64-redhat-linux/5.3.1/crtend.o /usr/lib/gcc/x86_64-redhat-linux/5.3.1/../../../../lib64/crtn.o
gmake[1]: Leaving directory '/home/nbain/Downloads/race/CMakeFiles/CMakeTmp'


Parsed CXX implicit link information from above output:
  link line regex: [^( *|.*[/\])(ld|([^/\]+-)?ld|collect2)[^/\]*( |$)]
  ignore line: [Change Dir: /home/nbain/Downloads/race/CMakeFiles/CMakeTmp]
  ignore line: []
  ignore line: [Run Build Command:"/usr/bin/gmake" "cmTC_5d04a/fast"]
  ignore line: [/usr/bin/gmake -f CMakeFiles/cmTC_5d04a.dir/build.make CMakeFiles/cmTC_5d04a.dir/build]
  ignore line: [gmake[1]: Entering directory '/home/nbain/Downloads/race/CMakeFiles/CMakeTmp']
  ignore line: [Building CXX object CMakeFiles/cmTC_5d04a.dir/CMakeCXXCompilerABI.cpp.o]
  ignore line: [/usr/bin/c++      -o CMakeFiles/cmTC_5d04a.dir/CMakeCXXCompilerABI.cpp.o -c /usr/share/cmake/Modules/CMakeCXXCompilerABI.cpp]
  ignore line: [Linking CXX executable cmTC_5d04a]
  ignore line: [/usr/bin/cmake -E cmake_link_script CMakeFiles/cmTC_5d04a.dir/link.txt --verbose=1]
  ignore line: [/usr/bin/c++       -v CMakeFiles/cmTC_5d04a.dir/CMakeCXXCompilerABI.cpp.o  -o cmTC_5d04a -rdynamic  ]
  ignore line: [Using built-in specs.]
  ignore line: [COLLECT_GCC=/usr/bin/c++]
  ignore line: [COLLECT_LTO_WRAPPER=/usr/libexec/gcc/x86_64-redhat-linux/5.3.1/lto-wrapper]
  ignore line: [Target: x86_64-redhat-linux]
  ignore line: [Configured with: ../configure --enable-bootstrap --enable-languages=c,c++,objc,obj-c++,fortran,ada,go,lto --prefix=/usr --mandir=/usr/share/man --infodir=/usr/share/info --with-bugurl=http://bugzilla.redhat.com/bugzilla --enable-shared --enable-threads=posix --enable-checking=release --enable-multilib --with-system-zlib --enable-__cxa_atexit --disable-libunwind-exceptions --enable-gnu-unique-object --enable-linker-build-id --with-linker-hash-style=gnu --enable-plugin --enable-initfini-array --disable-libgcj --with-isl --enable-libmpx --enable-gnu-indirect-function --with-tune=generic --with-arch_32=i686 --build=x86_64-redhat-linux]
  ignore line: [Thread model: posix]
  ignore line: [gcc version 5.3.1 20151207 (Red Hat 5.3.1-2) (GCC) ]
  ignore line: [COMPILER_PATH=/usr/libexec/gcc/x86_64-redhat-linux/5.3.1/:/usr/libexec/gcc/x86_64-redhat-linux/5.3.1/:/usr/libexec/gcc/x86_64-redhat-linux/:/usr/lib/gcc/x86_64-redhat-linux/5.3.1/:/usr/lib/gcc/x86_64-redhat-linux/]
  ignore line: [LIBRARY_PATH=/usr/lib/gcc/x86_64-redhat-linux/5.3.1/:/usr/lib/gcc/x86_64-redhat-linux/5.3.1/../../../../lib64/:/lib/../lib64/:/usr/lib/../lib64/:/usr/lib/gcc/x86_64-redhat-linux/5.3.1/../../../:/lib/:/usr/lib/]
  ignore line: [COLLECT_GCC_OPTIONS='-v' '-o' 'cmTC_5d04a' '-rdynamic' '-shared-libgcc' '-mtune=generic' '-march=x86-64']
  link line: [ /usr/libexec/gcc/x86_64-redhat-linux/5.3.1/collect2 -plugin /usr/libexec/gcc/x86_64-redhat-linux/5.3.1/liblto_plugin.so -plugin-opt=/usr/libexec/gcc/x86_64-redhat-linux/5.3.1/lto-wrapper -plugin-opt=-fresolution=/tmp/ccp8q6nZ.res -plugin-opt=-pass-through=-lgcc_s -plugin-opt=-pass-through=-lgcc -plugin-opt=-pass-through=-lc -plugin-opt=-pass-through=-lgcc_s -plugin-opt=-pass-through=-lgcc --build-id --no-add-needed --eh-frame-hdr --hash-style=gnu -m elf_x86_64 -export-dynamic -dynamic-linker /lib64/ld-linux-x86-64.so.2 -o cmTC_5d04a /usr/lib/gcc/x86_64-redhat-linux/5.3.1/../../../../lib64/crt1.o /usr/lib/gcc/x86_64-redhat-linux/5.3.1/../../../../lib64/crti.o /usr/lib/gcc/x86_64-redhat-linux/5.3.1/crtbegin.o -L/usr/lib/gcc/x86_64-redhat-linux/5.3.1 -L/usr/lib/gcc/x86_64-redhat-linux/5.3.1/../../../../lib64 -L/lib/../lib64 -L/usr/lib/../lib64 -L/usr/lib/gcc/x86_64-redhat-linux/5.3.1/../../.. CMakeFiles/cmTC_5d04a.dir/CMakeCXXCompilerABI.cpp.o -lstdc++ -lm -lgcc_s -lgcc -lc -lgcc_s -lgcc /usr/lib/gcc/x86_64-redhat-linux/5.3.1/crtend.o /usr/lib/gcc/x86_64-redhat-linux/5.3.1/../../../../lib64/crtn.o]
    arg [/usr/libexec/gcc/x86_64-redhat-linux/5.3.1/collect2] ==> ignore
    arg [-plugin] ==> ignore
    arg [/usr/libexec/gcc/x86_64-redhat-linux/5.3.1/liblto_plugin.so] ==> ignore
    arg [-plugin-opt=/usr/libexec/gcc/x86_64-redhat-linux/5.3.1/lto-wrapper] ==> ignore
    arg [-plugin-opt=-fresolution=/tmp/ccp8q6nZ.res] ==> ignore
    arg [-plugin-opt=-pass-through=-lgcc_s] ==> ignore
    arg [-plugin-opt=-pass-through=-lgcc] ==> ignore
    arg [-plugin-opt=-pass-through=-lc] ==> ignore
    arg [-plugin-opt=-pass-through=-lgcc_s] ==> ignore
    arg [-plugin-opt=-pass-through=-lgcc] ==> ignore
    arg [--build-id] ==> ignore
    arg [--no-add-needed] ==> ignore
    arg [--eh-frame-hdr] ==> ignore
    arg [--hash-style=gnu] ==> ignore
    arg [-m] ==> ignore
    arg [elf_x86_64] ==> ignore
    arg [-export-dynamic] ==> ignore
    arg [-dynamic-linker] ==> ignore
    arg [/lib64/ld-linux-x86-64.so.2] ==> ignore
    arg [-o] ==> ignore
    arg [cmTC_5d04a] ==> ignore
    arg [/usr/lib/gcc/x86_64-redhat-linux/5.3.1/../../../../lib64/crt1.o] ==> ignore
    arg [/usr/lib/gcc/x86_64-redhat-linux/5.3.1/../../../../lib64/crti.o] ==> ignore
    arg [/usr/lib/gcc/x86_64-redhat-linux/5.3.1/crtbegin.o] ==> ignore
    arg [-L/usr/lib/gcc/x86_64-redhat-linux/5.3.1] ==> dir [/usr/lib/gcc/x86_64-redhat-linux/5.3.1]
    arg [-L/usr/lib/gcc/x86_64-redhat-linux/5.3.1/../../../../lib64] ==> dir [/usr/lib/gcc/x86_64-redhat-linux/5.3.1/../../../../lib64]
    arg [-L/lib/../lib64] ==> dir [/lib/../lib64]
    arg [-L/usr/lib/../lib64] ==> dir [/usr/lib/../lib64]
    arg [-L/usr/lib/gcc/x86_64-redhat-linux/5.3.1/../../..] ==> dir [/usr/lib/gcc/x86_64-redhat-linux/5.3.1/../../..]
    arg [CMakeFiles/cmTC_5d04a.dir/CMakeCXXCompilerABI.cpp.o] ==> ignore
    arg [-lstdc++] ==> lib [stdc++]
    arg [-lm] ==> lib [m]
    arg [-lgcc_s] ==> lib [gcc_s]
    arg [-lgcc] ==> lib [gcc]
    arg [-lc] ==> lib [c]
    arg [-lgcc_s] ==> lib [gcc_s]
    arg [-lgcc] ==> lib [gcc]
    arg [/usr/lib/gcc/x86_64-redhat-linux/5.3.1/crtend.o] ==> ignore
    arg [/usr/lib/gcc/x86_64-redhat-linux/5.3.1/../../../../lib64/crtn.o] ==> ignore
  remove lib [gcc_s]
  remove lib [gcc]
  remove lib [gcc_s]
  remove lib [gcc]
  collapse library dir [/usr/lib/gcc/x86_64-redhat-linux/5.3.1] ==> [/usr/lib/gcc/x86_64-redhat-linux/5.3.1]
  collapse library dir [/usr/lib/gcc/x86_64-redhat-linux/5.3.1/../../../../lib64] ==> [/usr/lib64]
  collapse library dir [/lib/../lib64] ==> [/lib64]
  collapse library dir [/usr/lib/../lib64] ==> [/usr/lib64]
  collapse library dir [/usr/lib/gcc/x86_64-redhat-linux/5.3.1/../../..] ==> [/usr/lib]
  implicit libs: [stdc++;m;c]
  implicit dirs: [/usr/lib/gcc/x86_64-redhat-linux/5.3.1;/usr/lib64;/lib64;/usr/lib]
  implicit fwks: []




Detecting CXX [-std=c++14] compiler features compiled with the following output:
Change Dir: /home/nbain/Downloads/race/CMakeFiles/CMakeTmp

Run Build Command:"/usr/bin/gmake" "cmTC_17d21/fast"
/usr/bin/gmake -f CMakeFiles/cmTC_17d21.dir/build.make CMakeFiles/cmTC_17d21.dir/build
gmake[1]: Entering directory '/home/nbain/Downloads/race/CMakeFiles/CMakeTmp'
Building CXX object CMakeFiles/cmTC_17d21.dir/feature_tests.cxx.o
/usr/bin/c++     -std=c++14 -o CMakeFiles/cmTC_17d21.dir/feature_tests.cxx.o -c /home/nbain/Downloads/race/CMakeFiles/feature_tests.cxx
Linking CXX executable cmTC_17d21
/usr/bin/cmake -E cmake_link_script CMakeFiles/cmTC_17d21.dir/link.txt --verbose=1
/usr/bin/c++        CMakeFiles/cmTC_17d21.dir/feature_tests.cxx.o  -o cmTC_17d21 -rdynamic 
gmake[1]: Leaving directory '/home/nbain/Downloads/race/CMakeFiles/CMakeTmp'


    Feature record: CXX_FEATURE:1cxx_aggregate_default_initializers
    Feature record: CXX_FEATURE:1cxx_alias_templates
    Feature record: CXX_FEATURE:1cxx_alignas
    Feature record: CXX_FEATURE:1cxx_alignof
    Feature record: CXX_FEATURE:1cxx_attributes
    Feature record: CXX_FEATURE:1cxx_attribute_deprecated
    Feature record: CXX_FEATURE:1cxx_auto_type
    Feature record: CXX_FEATURE:1cxx_binary_literals
    Feature record: CXX_FEATURE:1cxx_constexpr
    Feature record: CXX_FEATURE:1cxx_contextual_conversions
    Feature record: CXX_FEATURE:1cxx_decltype
    Feature record: CXX_FEATURE:1cxx_decltype_auto
    Feature record: CXX_FEATURE:1cxx_decltype_incomplete_return_types
    Feature record: CXX_FEATURE:1cxx_default_function_template_args
    Feature record: CXX_FEATURE:1cxx_defaulted_functions
    Feature record: CXX_FEATURE:1cxx_defaulted_move_initializers
    Feature record: CXX_FEATURE:1cxx_delegating_constructors
    Feature record: CXX_FEATURE:1cxx_deleted_functions
    Feature record: CXX_FEATURE:1cxx_digit_separators
    Feature record: CXX_FEATURE:1cxx_enum_forward_declarations
    Feature record: CXX_FEATURE:1cxx_explicit_conversions
    Feature record: CXX_FEATURE:1cxx_extended_friend_declarations
    Feature record: CXX_FEATURE:1cxx_extern_templates
    Feature record: CXX_FEATURE:1cxx_final
    Feature record: CXX_FEATURE:1cxx_func_identifier
    Feature record: CXX_FEATURE:1cxx_generalized_initializers
    Feature record: CXX_FEATURE:1cxx_generic_lambdas
    Feature record: CXX_FEATURE:1cxx_inheriting_constructors
    Feature record: CXX_FEATURE:1cxx_inline_namespaces
    Feature record: CXX_FEATURE:1cxx_lambdas
    Feature record: CXX_FEATURE:1cxx_lambda_init_captures
    Feature record: CXX_FEATURE:1cxx_local_type_template_args
    Feature record: CXX_FEATURE:1cxx_long_long_type
    Feature record: CXX_FEATURE:1cxx_noexcept
    Feature record: CXX_FEATURE:1cxx_nonstatic_member_init
    Feature record: CXX_FEATURE:1cxx_nullptr
    Feature record: CXX_FEATURE:1cxx_override
    Feature record: CXX_FEATURE:1cxx_range_for
    Feature record: CXX_FEATURE:1cxx_raw_string_literals
    Feature record: CXX_FEATURE:1cxx_reference_qualified_functions
    Feature record: CXX_FEATURE:1cxx_relaxed_constexpr
    Feature record: CXX_FEATURE:1cxx_return_type_deduction
    Feature record: CXX_FEATURE:1cxx_right_angle_brackets
    Feature record: CXX_FEATURE:1cxx_rvalue_references
    Feature record: CXX_FEATURE:1cxx_sizeof_member
    Feature record: CXX_FEATURE:1cxx_static_assert
    Feature record: CXX_FEATURE:1cxx_strong_enums
    Feature record: CXX_FEATURE:1cxx_template_template_parameters
    Feature record: CXX_FEATURE:1cxx_thread_local
    Feature record: CXX_FEATURE:1cxx_trailing_return_types
    Feature record: CXX_FEATURE:1cxx_unicode_literals
    Feature record: CXX_FEATURE:1cxx_uniform_initialization
    Feature record: CXX_FEATURE:1cxx_unrestricted_unions
    Feature record: CXX_FEATURE:1cxx_user_literals
    Feature record: CXX_FEATURE:1cxx_variable_templates
    Feature record: CXX_FEATURE:1cxx_variadic_macros
    Feature record: CXX_FEATURE:1cxx_variadic_templates


Detecting CXX [-std=c++11] compiler features compiled with the following output:
Change Dir: /home/nbain/Downloads/race/CMakeFiles/CMakeTmp

Run Build Command:"/usr/bin/gmake" "cmTC_b741b/fast"
/usr/bin/gmake -f CMakeFiles/cmTC_b741b.dir/build.make CMakeFiles/cmTC_b741b.dir/build
gmake[1]: Entering directory '/home/nbain/Downloads/race/CMakeFiles/CMakeTmp'
Building CXX object CMakeFiles/cmTC_b741b.dir/feature_tests.cxx.o
/usr/bin/c++     -std=c++11 -o CMakeFiles/cmTC_b741b.dir/feature_tests.cxx.o -c /home/nbain/Downloads/race/CMakeFiles/feature_tests.cxx
Linking CXX executable cmTC_b741b
/usr/bin/cmake -E cmake_link_script CMakeFiles/cmTC_b741b.dir/link.txt --verbose=1
/usr/bin/c++        CMakeFiles/cmTC_b741b.dir/feature_tests.cxx.o  -o cmTC_b741b -rdynamic 
gmake[1]: Leaving directory '/home/nbain/Downloads/race/CMakeFiles/CMakeTmp'


    Feature record: CXX_FEATURE:0cxx_aggregate_default_initializers
    Feature record: CXX_FEATURE:1cxx_alias_templates
    Feature record: CXX_FEATURE:1cxx_alignas
    Feature record: CXX_FEATURE:1cxx_alignof
    Feature record: CXX_FEATURE:1cxx_attributes
    Feature record: CXX_FEATURE:0cxx_attribute_deprecated
    Feature record: CXX_FEATURE:1cxx_auto_type
    Feature record: CXX_FEATURE:0cxx_binary_literals
    Feature record: CXX_FEATURE:1cxx_constexpr
    Feature record: CXX_FEATURE:0cxx_contextual_conversions
    Feature record: CXX_FEATURE:1cxx_decltype
    Feature record: CXX_FEATURE:0cxx_decltype_auto
    Feature record: CXX_FEATURE:1cxx_decltype_incomplete_return_types
    Feature record: CXX_FEATURE:1cxx_default_function_template_args
    Feature record: CXX_FEATURE:1cxx_defaulted_functions
    Feature record: CXX_FEATURE:1cxx_defaulted_move_initializers
    Feature record: CXX_FEATURE:1cxx_delegating_constructors
    Feature record: CXX_FEATURE:1cxx_deleted_functions
    Feature record: CXX_FEATURE:0cxx_digit_separators
    Feature record: CXX_FEATURE:1cxx_enum_forward_declarations
    Feature record: CXX_FEATURE:1cxx_explicit_conversions
    Feature record: CXX_FEATURE:1cxx_extended_friend_declarations
    Feature record: CXX_FEATURE:1cxx_extern_templates
    Feature record: CXX_FEATURE:1cxx_final
    Feature record: CXX_FEATURE:1cxx_func_identifier
    Feature record: CXX_FEATURE:1cxx_generalized_initializers
    Feature record: CXX_FEATURE:0cxx_generic_lambdas
    Feature record: CXX_FEATURE:1cxx_inheriting_constructors
    Feature record: CXX_FEATURE:1cxx_inline_namespaces
    Feature record: CXX_FEATURE:1cxx_lambdas
    Feature record: CXX_FEATURE:0cxx_lambda_init_captures
    Feature record: CXX_FEATURE:1cxx_local_type_template_args
    Feature record: CXX_FEATURE:1cxx_long_long_type
    Feature record: CXX_FEATURE:1cxx_noexcept
    Feature record: CXX_FEATURE:1cxx_nonstatic_member_init
    Feature record: CXX_FEATURE:1cxx_nullptr
    Feature record: CXX_FEATURE:1cxx_override
    Feature record: CXX_FEATURE:1cxx_range_for
    Feature record: CXX_FEATURE:1cxx_raw_string_literals
    Feature record: CXX_FEATURE:1cxx_reference_qualified_functions
    Feature record: CXX_FEATURE:0cxx_relaxed_constexpr
    Feature record: CXX_FEATURE:0cxx_return_type_deduction
    Feature record: CXX_FEATURE:1cxx_right_angle_brackets
    Feature record: CXX_FEATURE:1cxx_rvalue_references
    Feature record: CXX_FEATURE:1cxx_sizeof_member
    Feature record: CXX_FEATURE:1cxx_static_assert
    Feature record: CXX_FEATURE:1cxx_strong_enums
    Feature record: CXX_FEATURE:1cxx_template_template_parameters
    Feature record: CXX_FEATURE:1cxx_thread_local
    Feature record: CXX_FEATURE:1cxx_trailing_return_types
    Feature record: CXX_FEATURE:1cxx_unicode_literals
    Feature record: CXX_FEATURE:1cxx_uniform_initialization
    Feature record: CXX_FEATURE:1cxx_unrestricted_unions
    Feature record: CXX_FEATURE:1cxx_user_literals
    Feature record: CXX_FEATURE:0cxx_variable_templates
    Feature record: CXX_FEATURE:1cxx_variadic_macros
    Feature record: CXX_FEATURE:1cxx_variadic_templates


Detecting CXX [-std=c++98] compiler features compiled with the following output:
Change Dir: /home/nbain/Downloads/race/CMakeFiles/CMakeTmp

Run Build Command:"/usr/bin/gmake" "cmTC_f218d/fast"
/usr/bin/gmake -f CMakeFiles/cmTC_f218d.dir/build.make CMakeFiles/cmTC_f218d.dir/build
gmake[1]: Entering directory '/home/nbain/Downloads/race/CMakeFiles/CMakeTmp'
Building CXX object CMakeFiles/cmTC_f218d.dir/feature_tests.cxx.o
/usr/bin/c++     -std=c++98 -o CMakeFiles/cmTC_f218d.dir/feature_tests.cxx.o -c /home/nbain/Downloads/race/CMakeFiles/feature_tests.cxx
Linking CXX executable cmTC_f218d
/usr/bin/cmake -E cmake_link_script CMakeFiles/cmTC_f218d.dir/link.txt --verbose=1
/usr/bin/c++        CMakeFiles/cmTC_f218d.dir/feature_tests.cxx.o  -o cmTC_f218d -rdynamic 
gmake[1]: Leaving directory '/home/nbain/Downloads/race/CMakeFiles/CMakeTmp'


    Feature record: CXX_FEATURE:0cxx_aggregate_default_initializers
    Feature record: CXX_FEATURE:0cxx_alias_templates
    Feature record: CXX_FEATURE:0cxx_alignas
    Feature record: CXX_FEATURE:0cxx_alignof
    Feature record: CXX_FEATURE:0cxx_attributes
    Feature record: CXX_FEATURE:0cxx_attribute_deprecated
    Feature record: CXX_FEATURE:0cxx_auto_type
    Feature record: CXX_FEATURE:0cxx_binary_literals
    Feature record: CXX_FEATURE:0cxx_constexpr
    Feature record: CXX_FEATURE:0cxx_contextual_conversions
    Feature record: CXX_FEATURE:0cxx_decltype
    Feature record: CXX_FEATURE:0cxx_decltype_auto
    Feature record: CXX_FEATURE:0cxx_decltype_incomplete_return_types
    Feature record: CXX_FEATURE:0cxx_default_function_template_args
    Feature record: CXX_FEATURE:0cxx_defaulted_functions
    Feature record: CXX_FEATURE:0cxx_defaulted_move_initializers
    Feature record: CXX_FEATURE:0cxx_delegating_constructors
    Feature record: CXX_FEATURE:0cxx_deleted_functions
    Feature record: CXX_FEATURE:0cxx_digit_separators
    Feature record: CXX_FEATURE:0cxx_enum_forward_declarations
    Feature record: CXX_FEATURE:0cxx_explicit_conversions
    Feature record: CXX_FEATURE:0cxx_extended_friend_declarations
    Feature record: CXX_FEATURE:0cxx_extern_templates
    Feature record: CXX_FEATURE:0cxx_final
    Feature record: CXX_FEATURE:0cxx_func_identifier
    Feature record: CXX_FEATURE:0cxx_generalized_initializers
    Feature record: CXX_FEATURE:0cxx_generic_lambdas
    Feature record: CXX_FEATURE:0cxx_inheriting_constructors
    Feature record: CXX_FEATURE:0cxx_inline_namespaces
    Feature record: CXX_FEATURE:0cxx_lambdas
    Feature record: CXX_FEATURE:0cxx_lambda_init_captures
    Feature record: CXX_FEATURE:0cxx_local_type_template_args
    Feature record: CXX_FEATURE:0cxx_long_long_type
    Feature record: CXX_FEATURE:0cxx_noexcept
    Feature record: CXX_FEATURE:0cxx_nonstatic_member_init
    Feature record: CXX_FEATURE:0cxx_nullptr
    Feature record: CXX_FEATURE:0cxx_override
    Feature record: CXX_FEATURE:0cxx_range_for
    Feature record: CXX_FEATURE:0cxx_raw_string_literals
    Feature record: CXX_FEATURE:0cxx_reference_qualified_functions
    Feature record: CXX_FEATURE:0cxx_relaxed_constexpr
    Feature record: CXX_FEATURE:0cxx_return_type_deduction
    Feature record: CXX_FEATURE:0cxx_right_angle_brackets
    Feature record: CXX_FEATURE:0cxx_rvalue_references
    Feature record: CXX_FEATURE:0cxx_sizeof_member
    Feature record: CXX_FEATURE:0cxx_static_assert
    Feature record: CXX_FEATURE:0cxx_strong_enums
    Feature record: CXX_FEATURE:1cxx_template_template_parameters
    Feature record: CXX_FEATURE:0cxx_thread_local
    Feature record: CXX_FEATURE:0cxx_trailing_return_types
    Feature record: CXX_FEATURE:0cxx_unicode_literals
    Feature record: CXX_FEATURE:0cxx_uniform_initialization
    Feature record: CXX_FEATURE:0cxx_unrestricted_unions
    Feature record: CXX_FEATURE:0cxx_user_literals
    Feature record: CXX_FEATURE:0cxx_variable_templates
    Feature record: CXX_FEATURE:0cxx_variadic_macros
    Feature record: CXX_FEATURE:0cxx_variadic_templates
The system is: Linux - 3.10.40-grinch-21.3.4 - armv7l
Compiling the C compiler identification source file "CMakeCCompilerId.c" succeeded.
Compiler: /usr/bin/cc 
Build flags: 
Id flags: 

The output was:
0


Compilation of the C compiler identification source "CMakeCCompilerId.c" produced "a.out"

The C compiler identification is GNU, found in "/home/ubuntu/Documents/race/CMakeFiles/2.8.12.2/CompilerIdC/a.out"

Compiling the CXX compiler identification source file "CMakeCXXCompilerId.cpp" succeeded.
Compiler: /usr/bin/c++ 
Build flags: 
Id flags: 

The output was:
0


Compilation of the CXX compiler identification source "CMakeCXXCompilerId.cpp" produced "a.out"

The CXX compiler identification is GNU, found in "/home/ubuntu/Documents/race/CMakeFiles/2.8.12.2/CompilerIdCXX/a.out"

Determining if the C compiler works passed with the following output:
Change Dir: /home/ubuntu/Documents/race/CMakeFiles/CMakeTmp

Run Build Command:/usr/bin/make "cmTryCompileExec860193658/fast"
/usr/bin/make -f CMakeFiles/cmTryCompileExec860193658.dir/build.make CMakeFiles/cmTryCompileExec860193658.dir/build
make[1]: Entering directory `/home/ubuntu/Documents/race/CMakeFiles/CMakeTmp'
/usr/bin/cmake -E cmake_progress_report /home/ubuntu/Documents/race/CMakeFiles/CMakeTmp/CMakeFiles 1
Building C object CMakeFiles/cmTryCompileExec860193658.dir/testCCompiler.c.o
/usr/bin/cc    -o CMakeFiles/cmTryCompileExec860193658.dir/testCCompiler.c.o   -c /home/ubuntu/Documents/race/CMakeFiles/CMakeTmp/testCCompiler.c
Linking C executable cmTryCompileExec860193658
/usr/bin/cmake -E cmake_link_script CMakeFiles/cmTryCompileExec860193658.dir/link.txt --verbose=1
/usr/bin/cc       CMakeFiles/cmTryCompileExec860193658.dir/testCCompiler.c.o  -o cmTryCompileExec860193658 -rdynamic 
make[1]: Leaving directory `/home/ubuntu/Documents/race/CMakeFiles/CMakeTmp'


Detecting C compiler ABI info compiled with the following output:
Change Dir: /home/ubuntu/Documents/race/CMakeFiles/CMakeTmp

Run Build Command:/usr/bin/make "cmTryCompileExec979151597/fast"
/usr/bin/make -f CMakeFiles/cmTryCompileExec979151597.dir/build.make CMakeFiles/cmTryCompileExec979151597.dir/build
make[1]: Entering directory `/home/ubuntu/Documents/race/CMakeFiles/CMakeTmp'
make[1]: Warning: File `/usr/share/cmake-2.8/Modules/CMakeCCompilerABI.c' has modification time 1.4e+09 s in the future
/usr/bin/cmake -E cmake_progress_report /home/ubuntu/Documents/race/CMakeFiles/CMakeTmp/CMakeFiles 1
Building C object CMakeFiles/cmTryCompileExec979151597.dir/CMakeCCompilerABI.c.o
/usr/bin/cc    -o CMakeFiles/cmTryCompileExec979151597.dir/CMakeCCompilerABI.c.o   -c /usr/share/cmake-2.8/Modules/CMakeCCompilerABI.c
Linking C executable cmTryCompileExec979151597
/usr/bin/cmake -E cmake_link_script CMakeFiles/cmTryCompileExec979151597.dir/link.txt --verbose=1
/usr/bin/cc     -v CMakeFiles/cmTryCompileExec979151597.dir/CMakeCCompilerABI.c.o  -o cmTryCompileExec979151597 -rdynamic  
Using built-in specs.
COLLECT_GCC=/usr/bin/cc
COLLECT_LTO_WRAPPER=/usr/lib/gcc/arm-linux-gnueabihf/4.8/lto-wrapper
Target: arm-linux-gnueabihf
Configured with: ../src/configure -v --with-pkgversion='Ubuntu/Linaro 4.8.4-2ubuntu1~14.04.1' --with-bugurl=file:///usr/share/doc/gcc-4.8/README.Bugs --enable-languages=c,c++,java,go,d,fortran,objc,obj-c++ --prefix=/usr --program-suffix=-4.8 --enable-shared --enable-linker-build-id --libexecdir=/usr/lib --without-included-gettext --enable-threads=posix --with-gxx-include-dir=/usr/include/c++/4.8 --libdir=/usr/lib --enable-nls --with-sysroot=/ --enable-clocale=gnu --enable-libstdcxx-debug --enable-libstdcxx-time=yes --enable-gnu-unique-object --disable-libmudflap --disable-libitm --disable-libquadmath --enable-plugin --with-system-zlib --disable-browser-plugin --enable-java-awt=gtk --enable-gtk-cairo --with-java-home=/usr/lib/jvm/java-1.5.0-gcj-4.8-armhf/jre --enable-java-home --with-jvm-root-dir=/usr/lib/jvm/java-1.5.0-gcj-4.8-armhf --with-jvm-jar-dir=/usr/lib/jvm-exports/java-1.5.0-gcj-4.8-armhf --with-arch-directory=arm --with-ecj-jar=/usr/share/java/eclipse-ecj.jar --enable-objc-gc --enable-multiarch --enable-multilib --disable-sjlj-exceptions --with-arch=armv7-a --with-fpu=vfpv3-d16 --with-float=hard --with-mode=thumb --disable-werror --enable-checking=release --build=arm-linux-gnueabihf --host=arm-linux-gnueabihf --target=arm-linux-gnueabihf
Thread model: posix
gcc version 4.8.4 (Ubuntu/Linaro 4.8.4-2ubuntu1~14.04.1) 
COMPILER_PATH=/usr/lib/gcc/arm-linux-gnueabihf/4.8/:/usr/lib/gcc/arm-linux-gnueabihf/4.8/:/usr/lib/gcc/arm-linux-gnueabihf/:/usr/lib/gcc/arm-linux-gnueabihf/4.8/:/usr/lib/gcc/arm-linux-gnueabihf/
LIBRARY_PATH=/usr/lib/gcc/arm-linux-gnueabihf/4.8/:/usr/lib/gcc/arm-linux-gnueabihf/4.8/../../../arm-linux-gnueabihf/:/usr/lib/gcc/arm-linux-gnueabihf/4.8/../../../../lib/:/lib/arm-linux-gnueabihf/:/lib/../lib/:/usr/lib/arm-linux-gnueabihf/:/usr/lib/../lib/:/usr/lib/gcc/arm-linux-gnueabihf/4.8/../../../:/lib/:/usr/lib/
COLLECT_GCC_OPTIONS='-v' '-o' 'cmTryCompileExec979151597' '-rdynamic' '-march=armv7-a' '-mfloat-abi=hard' '-mfpu=vfpv3-d16' '-mthumb' '-mtls-dialect=gnu'
 /usr/lib/gcc/arm-linux-gnueabihf/4.8/collect2 --sysroot=/ --build-id --eh-frame-hdr -export-dynamic -dynamic-linker /lib/ld-linux-armhf.so.3 -X --hash-style=gnu --as-needed -m armelf_linux_eabi -z relro -o cmTryCompileExec979151597 /usr/lib/gcc/arm-linux-gnueabihf/4.8/../../../arm-linux-gnueabihf/crt1.o /usr/lib/gcc/arm-linux-gnueabihf/4.8/../../../arm-linux-gnueabihf/crti.o /usr/lib/gcc/arm-linux-gnueabihf/4.8/crtbegin.o -L/usr/lib/gcc/arm-linux-gnueabihf/4.8 -L/usr/lib/gcc/arm-linux-gnueabihf/4.8/../../../arm-linux-gnueabihf -L/usr/lib/gcc/arm-linux-gnueabihf/4.8/../../../../lib -L/lib/arm-linux-gnueabihf -L/lib/../lib -L/usr/lib/arm-linux-gnueabihf -L/usr/lib/../lib -L/usr/lib/gcc/arm-linux-gnueabihf/4.8/../../.. CMakeFiles/cmTryCompileExec979151597.dir/CMakeCCompilerABI.c.o -lgcc --as-needed -lgcc_s --no-as-needed -lc -lgcc --as-needed -lgcc_s --no-as-needed /usr/lib/gcc/arm-linux-gnueabihf/4.8/crtend.o /usr/lib/gcc/arm-linux-gnueabihf/4.8/../../../arm-linux-gnueabihf/crtn.o
make[1]: Leaving directory `/home/ubuntu/Documents/race/CMakeFiles/CMakeTmp'
make[1]: warning:  Clock skew detected.  Your build may be incomplete.


Parsed C implicit link information from above output:
  link line regex: [^( *|.*[/\])(ld|([^/\]+-)?ld|collect2)[^/\]*( |$)]
  ignore line: [Change Dir: /home/ubuntu/Documents/race/CMakeFiles/CMakeTmp]
  ignore line: []
  ignore line: [Run Build Command:/usr/bin/make "cmTryCompileExec979151597/fast"]
  ignore line: [/usr/bin/make -f CMakeFiles/cmTryCompileExec979151597.dir/build.make CMakeFiles/cmTryCompileExec979151597.dir/build]
  ignore line: [make[1]: Entering directory `/home/ubuntu/Documents/race/CMakeFiles/CMakeTmp']
  ignore line: [make[1]: Warning: File `/usr/share/cmake-2.8/Modules/CMakeCCompilerABI.c' has modification time 1.4e+09 s in the future]
  ignore line: [/usr/bin/cmake -E cmake_progress_report /home/ubuntu/Documents/race/CMakeFiles/CMakeTmp/CMakeFiles 1]
  ignore line: [Building C object CMakeFiles/cmTryCompileExec979151597.dir/CMakeCCompilerABI.c.o]
  ignore line: [/usr/bin/cc    -o CMakeFiles/cmTryCompileExec979151597.dir/CMakeCCompilerABI.c.o   -c /usr/share/cmake-2.8/Modules/CMakeCCompilerABI.c]
  ignore line: [Linking C executable cmTryCompileExec979151597]
  ignore line: [/usr/bin/cmake -E cmake_link_script CMakeFiles/cmTryCompileExec979151597.dir/link.txt --verbose=1]
  ignore line: [/usr/bin/cc     -v CMakeFiles/cmTryCompileExec979151597.dir/CMakeCCompilerABI.c.o  -o cmTryCompileExec979151597 -rdynamic  ]
  ignore line: [Using built-in specs.]
  ignore line: [COLLECT_GCC=/usr/bin/cc]
  ignore line: [COLLECT_LTO_WRAPPER=/usr/lib/gcc/arm-linux-gnueabihf/4.8/lto-wrapper]
  ignore line: [Target: arm-linux-gnueabihf]
  ignore line: [Configured with: ../src/configure -v --with-pkgversion='Ubuntu/Linaro 4.8.4-2ubuntu1~14.04.1' --with-bugurl=file:///usr/share/doc/gcc-4.8/README.Bugs --enable-languages=c,c++,java,go,d,fortran,objc,obj-c++ --prefix=/usr --program-suffix=-4.8 --enable-shared --enable-linker-build-id --libexecdir=/usr/lib --without-included-gettext --enable-threads=posix --with-gxx-include-dir=/usr/include/c++/4.8 --libdir=/usr/lib --enable-nls --with-sysroot=/ --enable-clocale=gnu --enable-libstdcxx-debug --enable-libstdcxx-time=yes --enable-gnu-unique-object --disable-libmudflap --disable-libitm --disable-libquadmath --enable-plugin --with-system-zlib --disable-browser-plugin --enable-java-awt=gtk --enable-gtk-cairo --with-java-home=/usr/lib/jvm/java-1.5.0-gcj-4.8-armhf/jre --enable-java-home --with-jvm-root-dir=/usr/lib/jvm/java-1.5.0-gcj-4.8-armhf --with-jvm-jar-dir=/usr/lib/jvm-exports/java-1.5.0-gcj-4.8-armhf --with-arch-directory=arm --with-ecj-jar=/usr/share/java/eclipse-ecj.jar --enable-objc-gc --enable-multiarch --enable-multilib --disable-sjlj-exceptions --with-arch=armv7-a --with-fpu=vfpv3-d16 --with-float=hard --with-mode=thumb --disable-werror --enable-checking=release --build=arm-linux-gnueabihf --host=arm-linux-gnueabihf --target=arm-linux-gnueabihf]
  ignore line: [Thread model: posix]
  ignore line: [gcc version 4.8.4 (Ubuntu/Linaro 4.8.4-2ubuntu1~14.04.1) ]
  ignore line: [COMPILER_PATH=/usr/lib/gcc/arm-linux-gnueabihf/4.8/:/usr/lib/gcc/arm-linux-gnueabihf/4.8/:/usr/lib/gcc/arm-linux-gnueabihf/:/usr/lib/gcc/arm-linux-gnueabihf/4.8/:/usr/lib/gcc/arm-linux-gnueabihf/]
  ignore line: [LIBRARY_PATH=/usr/lib/gcc/arm-linux-gnueabihf/4.8/:/usr/lib/gcc/arm-linux-gnueabihf/4.8/../../../arm-linux-gnueabihf/:/usr/lib/gcc/arm-linux-gnueabihf/4.8/../../../../lib/:/lib/arm-linux-gnueabihf/:/lib/../lib/:/usr/lib/arm-linux-gnueabihf/:/usr/lib/../lib/:/usr/lib/gcc/arm-linux-gnueabihf/4.8/../../../:/lib/:/usr/lib/]
  ignore line: [COLLECT_GCC_OPTIONS='-v' '-o' 'cmTryCompileExec979151597' '-rdynamic' '-march=armv7-a' '-mfloat-abi=hard' '-mfpu=vfpv3-d16' '-mthumb' '-mtls-dialect=gnu']
  link line: [ /usr/lib/gcc/arm-linux-gnueabihf/4.8/collect2 --sysroot=/ --build-id --eh-frame-hdr -export-dynamic -dynamic-linker /lib/ld-linux-armhf.so.3 -X --hash-style=gnu --as-needed -m armelf_linux_eabi -z relro -o cmTryCompileExec979151597 /usr/lib/gcc/arm-linux-gnueabihf/4.8/../../../arm-linux-gnueabihf/crt1.o /usr/lib/gcc/arm-linux-gnueabihf/4.8/../../../arm-linux-gnueabihf/crti.o /usr/lib/gcc/arm-linux-gnueabihf/4.8/crtbegin.o -L/usr/lib/gcc/arm-linux-gnueabihf/4.8 -L/usr/lib/gcc/arm-linux-gnueabihf/4.8/../../../arm-linux-gnueabihf -L/usr/lib/gcc/arm-linux-gnueabihf/4.8/../../../../lib -L/lib/arm-linux-gnueabihf -L/lib/../lib -L/usr/lib/arm-linux-gnueabihf -L/usr/lib/../lib -L/usr/lib/gcc/arm-linux-gnueabihf/4.8/../../.. CMakeFiles/cmTryCompileExec979151597.dir/CMakeCCompilerABI.c.o -lgcc --as-needed -lgcc_s --no-as-needed -lc -lgcc --as-needed -lgcc_s --no-as-needed /usr/lib/gcc/arm-linux-gnueabihf/4.8/crtend.o /usr/lib/gcc/arm-linux-gnueabihf/4.8/../../../arm-linux-gnueabihf/crtn.o]
    arg [/usr/lib/gcc/arm-linux-gnueabihf/4.8/collect2] ==> ignore
    arg [--sysroot=/] ==> ignore
    arg [--build-id] ==> ignore
    arg [--eh-frame-hdr] ==> ignore
    arg [-export-dynamic] ==> ignore
    arg [-dynamic-linker] ==> ignore
    arg [/lib/ld-linux-armhf.so.3] ==> ignore
    arg [-X] ==> ignore
    arg [--hash-style=gnu] ==> ignore
    arg [--as-needed] ==> ignore
    arg [-m] ==> ignore
    arg [armelf_linux_eabi] ==> ignore
    arg [-zrelro] ==> ignore
    arg [-o] ==> ignore
    arg [cmTryCompileExec979151597] ==> ignore
    arg [/usr/lib/gcc/arm-linux-gnueabihf/4.8/../../../arm-linux-gnueabihf/crt1.o] ==> ignore
    arg [/usr/lib/gcc/arm-linux-gnueabihf/4.8/../../../arm-linux-gnueabihf/crti.o] ==> ignore
    arg [/usr/lib/gcc/arm-linux-gnueabihf/4.8/crtbegin.o] ==> ignore
    arg [-L/usr/lib/gcc/arm-linux-gnueabihf/4.8] ==> dir [/usr/lib/gcc/arm-linux-gnueabihf/4.8]
    arg [-L/usr/lib/gcc/arm-linux-gnueabihf/4.8/../../../arm-linux-gnueabihf] ==> dir [/usr/lib/gcc/arm-linux-gnueabihf/4.8/../../../arm-linux-gnueabihf]
    arg [-L/usr/lib/gcc/arm-linux-gnueabihf/4.8/../../../../lib] ==> dir [/usr/lib/gcc/arm-linux-gnueabihf/4.8/../../../../lib]
    arg [-L/lib/arm-linux-gnueabihf] ==> dir [/lib/arm-linux-gnueabihf]
    arg [-L/lib/../lib] ==> dir [/lib/../lib]
    arg [-L/usr/lib/arm-linux-gnueabihf] ==> dir [/usr/lib/arm-linux-gnueabihf]
    arg [-L/usr/lib/../lib] ==> dir [/usr/lib/../lib]
    arg [-L/usr/lib/gcc/arm-linux-gnueabihf/4.8/../../..] ==> dir [/usr/lib/gcc/arm-linux-gnueabihf/4.8/../../..]
    arg [CMakeFiles/cmTryCompileExec979151597.dir/CMakeCCompilerABI.c.o] ==> ignore
    arg [-lgcc] ==> lib [gcc]
    arg [--as-needed] ==> ignore
    arg [-lgcc_s] ==> lib [gcc_s]
    arg [--no-as-needed] ==> ignore
    arg [-lc] ==> lib [c]
    arg [-lgcc] ==> lib [gcc]
    arg [--as-needed] ==> ignore
    arg [-lgcc_s] ==> lib [gcc_s]
    arg [--no-as-needed] ==> ignore
    arg [/usr/lib/gcc/arm-linux-gnueabihf/4.8/crtend.o] ==> ignore
    arg [/usr/lib/gcc/arm-linux-gnueabihf/4.8/../../../arm-linux-gnueabihf/crtn.o] ==> ignore
  remove lib [gcc]
  remove lib [gcc_s]
  remove lib [gcc]
  remove lib [gcc_s]
  collapse library dir [/usr/lib/gcc/arm-linux-gnueabihf/4.8] ==> [/usr/lib/gcc/arm-linux-gnueabihf/4.8]
  collapse library dir [/usr/lib/gcc/arm-linux-gnueabihf/4.8/../../../arm-linux-gnueabihf] ==> [/usr/lib/arm-linux-gnueabihf]
  collapse library dir [/usr/lib/gcc/arm-linux-gnueabihf/4.8/../../../../lib] ==> [/usr/lib]
  collapse library dir [/lib/arm-linux-gnueabihf] ==> [/lib/arm-linux-gnueabihf]
  collapse library dir [/lib/../lib] ==> [/lib]
  collapse library dir [/usr/lib/arm-linux-gnueabihf] ==> [/usr/lib/arm-linux-gnueabihf]
  collapse library dir [/usr/lib/../lib] ==> [/usr/lib]
  collapse library dir [/usr/lib/gcc/arm-linux-gnueabihf/4.8/../../..] ==> [/usr/lib]
  implicit libs: [c]
  implicit dirs: [/usr/lib/gcc/arm-linux-gnueabihf/4.8;/usr/lib/arm-linux-gnueabihf;/usr/lib;/lib/arm-linux-gnueabihf;/lib]
  implicit fwks: []


Determining if the CXX compiler works passed with the following output:
Change Dir: /home/ubuntu/Documents/race/CMakeFiles/CMakeTmp

Run Build Command:/usr/bin/make "cmTryCompileExec383923962/fast"
/usr/bin/make -f CMakeFiles/cmTryCompileExec383923962.dir/build.make CMakeFiles/cmTryCompileExec383923962.dir/build
make[1]: Entering directory `/home/ubuntu/Documents/race/CMakeFiles/CMakeTmp'
/usr/bin/cmake -E cmake_progress_report /home/ubuntu/Documents/race/CMakeFiles/CMakeTmp/CMakeFiles 1
Building CXX object CMakeFiles/cmTryCompileExec383923962.dir/testCXXCompiler.cxx.o
/usr/bin/c++     -o CMakeFiles/cmTryCompileExec383923962.dir/testCXXCompiler.cxx.o -c /home/ubuntu/Documents/race/CMakeFiles/CMakeTmp/testCXXCompiler.cxx
Linking CXX executable cmTryCompileExec383923962
/usr/bin/cmake -E cmake_link_script CMakeFiles/cmTryCompileExec383923962.dir/link.txt --verbose=1
/usr/bin/c++        CMakeFiles/cmTryCompileExec383923962.dir/testCXXCompiler.cxx.o  -o cmTryCompileExec383923962 -rdynamic 
make[1]: Leaving directory `/home/ubuntu/Documents/race/CMakeFiles/CMakeTmp'


Detecting CXX compiler ABI info compiled with the following output:
Change Dir: /home/ubuntu/Documents/race/CMakeFiles/CMakeTmp

Run Build Command:/usr/bin/make "cmTryCompileExec458154442/fast"
/usr/bin/make -f CMakeFiles/cmTryCompileExec458154442.dir/build.make CMakeFiles/cmTryCompileExec458154442.dir/build
make[1]: Entering directory `/home/ubuntu/Documents/race/CMakeFiles/CMakeTmp'
make[1]: Warning: File `/usr/share/cmake-2.8/Modules/CMakeCXXCompilerABI.cpp' has modification time 1.4e+09 s in the future
/usr/bin/cmake -E cmake_progress_report /home/ubuntu/Documents/race/CMakeFiles/CMakeTmp/CMakeFiles 1
Building CXX object CMakeFiles/cmTryCompileExec458154442.dir/CMakeCXXCompilerABI.cpp.o
/usr/bin/c++     -o CMakeFiles/cmTryCompileExec458154442.dir/CMakeCXXCompilerABI.cpp.o -c /usr/share/cmake-2.8/Modules/CMakeCXXCompilerABI.cpp
Linking CXX executable cmTryCompileExec458154442
/usr/bin/cmake -E cmake_link_script CMakeFiles/cmTryCompileExec458154442.dir/link.txt --verbose=1
/usr/bin/c++      -v CMakeFiles/cmTryCompileExec458154442.dir/CMakeCXXCompilerABI.cpp.o  -o cmTryCompileExec458154442 -rdynamic  
Using built-in specs.
COLLECT_GCC=/usr/bin/c++
COLLECT_LTO_WRAPPER=/usr/lib/gcc/arm-linux-gnueabihf/4.8/lto-wrapper
Target: arm-linux-gnueabihf
Configured with: ../src/configure -v --with-pkgversion='Ubuntu/Linaro 4.8.4-2ubuntu1~14.04.1' --with-bugurl=file:///usr/share/doc/gcc-4.8/README.Bugs --enable-languages=c,c++,java,go,d,fortran,objc,obj-c++ --prefix=/usr --program-suffix=-4.8 --enable-shared --enable-linker-build-id --libexecdir=/usr/lib --without-included-gettext --enable-threads=posix --with-gxx-include-dir=/usr/include/c++/4.8 --libdir=/usr/lib --enable-nls --with-sysroot=/ --enable-clocale=gnu --enable-libstdcxx-debug --enable-libstdcxx-time=yes --enable-gnu-unique-object --disable-libmudflap --disable-libitm --disable-libquadmath --enable-plugin --with-system-zlib --disable-browser-plugin --enable-java-awt=gtk --enable-gtk-cairo --with-java-home=/usr/lib/jvm/java-1.5.0-gcj-4.8-armhf/jre --enable-java-home --with-jvm-root-dir=/usr/lib/jvm/java-1.5.0-gcj-4.8-armhf --with-jvm-jar-dir=/usr/lib/jvm-exports/java-1.5.0-gcj-4.8-armhf --with-arch-directory=arm --with-ecj-jar=/usr/share/java/eclipse-ecj.jar --enable-objc-gc --enable-multiarch --enable-multilib --disable-sjlj-exceptions --with-arch=armv7-a --with-fpu=vfpv3-d16 --with-float=hard --with-mode=thumb --disable-werror --enable-checking=release --build=arm-linux-gnueabihf --host=arm-linux-gnueabihf --target=arm-linux-gnueabihf
Thread model: posix
gcc version 4.8.4 (Ubuntu/Linaro 4.8.4-2ubuntu1~14.04.1) 
COMPILER_PATH=/usr/lib/gcc/arm-linux-gnueabihf/4.8/:/usr/lib/gcc/arm-linux-gnueabihf/4.8/:/usr/lib/gcc/arm-linux-gnueabihf/:/usr/lib/gcc/arm-linux-gnueabihf/4.8/:/usr/lib/gcc/arm-linux-gnueabihf/
LIBRARY_PATH=/usr/lib/gcc/arm-linux-gnueabihf/4.8/:/usr/lib/gcc/arm-linux-gnueabihf/4.8/../../../arm-linux-gnueabihf/:/usr/lib/gcc/arm-linux-gnueabihf/4.8/../../../../lib/:/lib/arm-linux-gnueabihf/:/lib/../lib/:/usr/lib/arm-linux-gnueabihf/:/usr/lib/../lib/:/usr/lib/gcc/arm-linux-gnueabihf/4.8/../../../:/lib/:/usr/lib/
COLLECT_GCC_OPTIONS='-v' '-o' 'cmTryCompileExec458154442' '-rdynamic' '-shared-libgcc' '-march=armv7-a' '-mfloat-abi=hard' '-mfpu=vfpv3-d16' '-mthumb' '-mtls-dialect=gnu'
 /usr/lib/gcc/arm-linux-gnueabihf/4.8/collect2 --sysroot=/ --build-id --eh-frame-hdr -export-dynamic -dynamic-linker /lib/ld-linux-armhf.so.3 -X --hash-style=gnu --as-needed -m armelf_linux_eabi -z relro -o cmTryCompileExec458154442 /usr/lib/gcc/arm-linux-gnueabihf/4.8/../../../arm-linux-gnueabihf/crt1.o /usr/lib/gcc/arm-linux-gnueabihf/4.8/../../../arm-linux-gnueabihf/crti.o /usr/lib/gcc/arm-linux-gnueabihf/4.8/crtbegin.o -L/usr/lib/gcc/arm-linux-gnueabihf/4.8 -L/usr/lib/gcc/arm-linux-gnueabihf/4.8/../../../arm-linux-gnueabihf -L/usr/lib/gcc/arm-linux-gnueabihf/4.8/../../../../lib -L/lib/arm-linux-gnueabihf -L/lib/../lib -L/usr/lib/arm-linux-gnueabihf -L/usr/lib/../lib -L/usr/lib/gcc/arm-linux-gnueabihf/4.8/../../.. CMakeFiles/cmTryCompileExec458154442.dir/CMakeCXXCompilerABI.cpp.o -lstdc++ -lm -lgcc_s -lgcc -lc -lgcc_s -lgcc /usr/lib/gcc/arm-linux-gnueabihf/4.8/crtend.o /usr/lib/gcc/arm-linux-gnueabihf/4.8/../../../arm-linux-gnueabihf/crtn.o
make[1]: Leaving directory `/home/ubuntu/Documents/race/CMakeFiles/CMakeTmp'
make[1]: warning:  Clock skew detected.  Your build may be incomplete.


Parsed CXX implicit link information from above output:
  link line regex: [^( *|.*[/\])(ld|([^/\]+-)?ld|collect2)[^/\]*( |$)]
  ignore line: [Change Dir: /home/ubuntu/Documents/race/CMakeFiles/CMakeTmp]
  ignore line: []
  ignore line: [Run Build Command:/usr/bin/make "cmTryCompileExec458154442/fast"]
  ignore line: [/usr/bin/make -f CMakeFiles/cmTryCompileExec458154442.dir/build.make CMakeFiles/cmTryCompileExec458154442.dir/build]
  ignore line: [make[1]: Entering directory `/home/ubuntu/Documents/race/CMakeFiles/CMakeTmp']
  ignore line: [make[1]: Warning: File `/usr/share/cmake-2.8/Modules/CMakeCXXCompilerABI.cpp' has modification time 1.4e+09 s in the future]
  ignore line: [/usr/bin/cmake -E cmake_progress_report /home/ubuntu/Documents/race/CMakeFiles/CMakeTmp/CMakeFiles 1]
  ignore line: [Building CXX object CMakeFiles/cmTryCompileExec458154442.dir/CMakeCXXCompilerABI.cpp.o]
  ignore line: [/usr/bin/c++     -o CMakeFiles/cmTryCompileExec458154442.dir/CMakeCXXCompilerABI.cpp.o -c /usr/share/cmake-2.8/Modules/CMakeCXXCompilerABI.cpp]
  ignore line: [Linking CXX executable cmTryCompileExec458154442]
  ignore line: [/usr/bin/cmake -E cmake_link_script CMakeFiles/cmTryCompileExec458154442.dir/link.txt --verbose=1]
  ignore line: [/usr/bin/c++      -v CMakeFiles/cmTryCompileExec458154442.dir/CMakeCXXCompilerABI.cpp.o  -o cmTryCompileExec458154442 -rdynamic  ]
  ignore line: [Using built-in specs.]
  ignore line: [COLLECT_GCC=/usr/bin/c++]
  ignore line: [COLLECT_LTO_WRAPPER=/usr/lib/gcc/arm-linux-gnueabihf/4.8/lto-wrapper]
  ignore line: [Target: arm-linux-gnueabihf]
  ignore line: [Configured with: ../src/configure -v --with-pkgversion='Ubuntu/Linaro 4.8.4-2ubuntu1~14.04.1' --with-bugurl=file:///usr/share/doc/gcc-4.8/README.Bugs --enable-languages=c,c++,java,go,d,fortran,objc,obj-c++ --prefix=/usr --program-suffix=-4.8 --enable-shared --enable-linker-build-id --libexecdir=/usr/lib --without-included-gettext --enable-threads=posix --with-gxx-include-dir=/usr/include/c++/4.8 --libdir=/usr/lib --enable-nls --with-sysroot=/ --enable-clocale=gnu --enable-libstdcxx-debug --enable-libstdcxx-time=yes --enable-gnu-unique-object --disable-libmudflap --disable-libitm --disable-libquadmath --enable-plugin --with-system-zlib --disable-browser-plugin --enable-java-awt=gtk --enable-gtk-cairo --with-java-home=/usr/lib/jvm/java-1.5.0-gcj-4.8-armhf/jre --enable-java-home --with-jvm-root-dir=/usr/lib/jvm/java-1.5.0-gcj-4.8-armhf --with-jvm-jar-dir=/usr/lib/jvm-exports/java-1.5.0-gcj-4.8-armhf --with-arch-directory=arm --with-ecj-jar=/usr/share/java/eclipse-ecj.jar --enable-objc-gc --enable-multiarch --enable-multilib --disable-sjlj-exceptions --with-arch=armv7-a --with-fpu=vfpv3-d16 --with-float=hard --with-mode=thumb --disable-werror --enable-checking=release --build=arm-linux-gnueabihf --host=arm-linux-gnueabihf --target=arm-linux-gnueabihf]
  ignore line: [Thread model: posix]
  ignore line: [gcc version 4.8.4 (Ubuntu/Linaro 4.8.4-2ubuntu1~14.04.1) ]
  ignore line: [COMPILER_PATH=/usr/lib/gcc/arm-linux-gnueabihf/4.8/:/usr/lib/gcc/arm-linux-gnueabihf/4.8/:/usr/lib/gcc/arm-linux-gnueabihf/:/usr/lib/gcc/arm-linux-gnueabihf/4.8/:/usr/lib/gcc/arm-linux-gnueabihf/]
  ignore line: [LIBRARY_PATH=/usr/lib/gcc/arm-linux-gnueabihf/4.8/:/usr/lib/gcc/arm-linux-gnueabihf/4.8/../../../arm-linux-gnueabihf/:/usr/lib/gcc/arm-linux-gnueabihf/4.8/../../../../lib/:/lib/arm-linux-gnueabihf/:/lib/../lib/:/usr/lib/arm-linux-gnueabihf/:/usr/lib/../lib/:/usr/lib/gcc/arm-linux-gnueabihf/4.8/../../../:/lib/:/usr/lib/]
  ignore line: [COLLECT_GCC_OPTIONS='-v' '-o' 'cmTryCompileExec458154442' '-rdynamic' '-shared-libgcc' '-march=armv7-a' '-mfloat-abi=hard' '-mfpu=vfpv3-d16' '-mthumb' '-mtls-dialect=gnu']
  link line: [ /usr/lib/gcc/arm-linux-gnueabihf/4.8/collect2 --sysroot=/ --build-id --eh-frame-hdr -export-dynamic -dynamic-linker /lib/ld-linux-armhf.so.3 -X --hash-style=gnu --as-needed -m armelf_linux_eabi -z relro -o cmTryCompileExec458154442 /usr/lib/gcc/arm-linux-gnueabihf/4.8/../../../arm-linux-gnueabihf/crt1.o /usr/lib/gcc/arm-linux-gnueabihf/4.8/../../../arm-linux-gnueabihf/crti.o /usr/lib/gcc/arm-linux-gnueabihf/4.8/crtbegin.o -L/usr/lib/gcc/arm-linux-gnueabihf/4.8 -L/usr/lib/gcc/arm-linux-gnueabihf/4.8/../../../arm-linux-gnueabihf -L/usr/lib/gcc/arm-linux-gnueabihf/4.8/../../../../lib -L/lib/arm-linux-gnueabihf -L/lib/../lib -L/usr/lib/arm-linux-gnueabihf -L/usr/lib/../lib -L/usr/lib/gcc/arm-linux-gnueabihf/4.8/../../.. CMakeFiles/cmTryCompileExec458154442.dir/CMakeCXXCompilerABI.cpp.o -lstdc++ -lm -lgcc_s -lgcc -lc -lgcc_s -lgcc /usr/lib/gcc/arm-linux-gnueabihf/4.8/crtend.o /usr/lib/gcc/arm-linux-gnueabihf/4.8/../../../arm-linux-gnueabihf/crtn.o]
    arg [/usr/lib/gcc/arm-linux-gnueabihf/4.8/collect2] ==> ignore
    arg [--sysroot=/] ==> ignore
    arg [--build-id] ==> ignore
    arg [--eh-frame-hdr] ==> ignore
    arg [-export-dynamic] ==> ignore
    arg [-dynamic-linker] ==> ignore
    arg [/lib/ld-linux-armhf.so.3] ==> ignore
    arg [-X] ==> ignore
    arg [--hash-style=gnu] ==> ignore
    arg [--as-needed] ==> ignore
    arg [-m] ==> ignore
    arg [armelf_linux_eabi] ==> ignore
    arg [-zrelro] ==> ignore
    arg [-o] ==> ignore
    arg [cmTryCompileExec458154442] ==> ignore
    arg [/usr/lib/gcc/arm-linux-gnueabihf/4.8/../../../arm-linux-gnueabihf/crt1.o] ==> ignore
    arg [/usr/lib/gcc/arm-linux-gnueabihf/4.8/../../../arm-linux-gnueabihf/crti.o] ==> ignore
    arg [/usr/lib/gcc/arm-linux-gnueabihf/4.8/crtbegin.o] ==> ignore
    arg [-L/usr/lib/gcc/arm-linux-gnueabihf/4.8] ==> dir [/usr/lib/gcc/arm-linux-gnueabihf/4.8]
    arg [-L/usr/lib/gcc/arm-linux-gnueabihf/4.8/../../../arm-linux-gnueabihf] ==> dir [/usr/lib/gcc/arm-linux-gnueabihf/4.8/../../../arm-linux-gnueabihf]
    arg [-L/usr/lib/gcc/arm-linux-gnueabihf/4.8/../../../../lib] ==> dir [/usr/lib/gcc/arm-linux-gnueabihf/4.8/../../../../lib]
    arg [-L/lib/arm-linux-gnueabihf] ==> dir [/lib/arm-linux-gnueabihf]
    arg [-L/lib/../lib] ==> dir [/lib/../lib]
    arg [-L/usr/lib/arm-linux-gnueabihf] ==> dir [/usr/lib/arm-linux-gnueabihf]
    arg [-L/usr/lib/../lib] ==> dir [/usr/lib/../lib]
    arg [-L/usr/lib/gcc/arm-linux-gnueabihf/4.8/../../..] ==> dir [/usr/lib/gcc/arm-linux-gnueabihf/4.8/../../..]
    arg [CMakeFiles/cmTryCompileExec458154442.dir/CMakeCXXCompilerABI.cpp.o] ==> ignore
    arg [-lstdc++] ==> lib [stdc++]
    arg [-lm] ==> lib [m]
    arg [-lgcc_s] ==> lib [gcc_s]
    arg [-lgcc] ==> lib [gcc]
    arg [-lc] ==> lib [c]
    arg [-lgcc_s] ==> lib [gcc_s]
    arg [-lgcc] ==> lib [gcc]
    arg [/usr/lib/gcc/arm-linux-gnueabihf/4.8/crtend.o] ==> ignore
    arg [/usr/lib/gcc/arm-linux-gnueabihf/4.8/../../../arm-linux-gnueabihf/crtn.o] ==> ignore
  remove lib [gcc_s]
  remove lib [gcc]
  remove lib [gcc_s]
  remove lib [gcc]
  collapse library dir [/usr/lib/gcc/arm-linux-gnueabihf/4.8] ==> [/usr/lib/gcc/arm-linux-gnueabihf/4.8]
  collapse library dir [/usr/lib/gcc/arm-linux-gnueabihf/4.8/../../../arm-linux-gnueabihf] ==> [/usr/lib/arm-linux-gnueabihf]
  collapse library dir [/usr/lib/gcc/arm-linux-gnueabihf/4.8/../../../../lib] ==> [/usr/lib]
  collapse library dir [/lib/arm-linux-gnueabihf] ==> [/lib/arm-linux-gnueabihf]
  collapse library dir [/lib/../lib] ==> [/lib]
  collapse library dir [/usr/lib/arm-linux-gnueabihf] ==> [/usr/lib/arm-linux-gnueabihf]
  collapse library dir [/usr/lib/../lib] ==> [/usr/lib]
  collapse library dir [/usr/lib/gcc/arm-linux-gnueabihf/4.8/../../..] ==> [/usr/lib]
  implicit libs: [stdc++;m;c]
  implicit dirs: [/usr/lib/gcc/arm-linux-gnueabihf/4.8;/usr/lib/arm-linux-gnueabihf;/usr/lib;/lib/arm-linux-gnueabihf;/lib]
  implicit fwks: []


Determining if files pthread.h exist passed with the following output:
Change Dir: /home/ubuntu/Documents/race/CMakeFiles/CMakeTmp

Run Build Command:/usr/bin/make "cmTryCompileExec607642689/fast"
/usr/bin/make -f CMakeFiles/cmTryCompileExec607642689.dir/build.make CMakeFiles/cmTryCompileExec607642689.dir/build
make[1]: Entering directory `/home/ubuntu/Documents/race/CMakeFiles/CMakeTmp'
/usr/bin/cmake -E cmake_progress_report /home/ubuntu/Documents/race/CMakeFiles/CMakeTmp/CMakeFiles 1
Building C object CMakeFiles/cmTryCompileExec607642689.dir/CheckIncludeFiles.c.o
/usr/bin/cc    -o CMakeFiles/cmTryCompileExec607642689.dir/CheckIncludeFiles.c.o   -c /home/ubuntu/Documents/race/CMakeFiles/CMakeTmp/CheckIncludeFiles.c
Linking C executable cmTryCompileExec607642689
/usr/bin/cmake -E cmake_link_script CMakeFiles/cmTryCompileExec607642689.dir/link.txt --verbose=1
/usr/bin/cc       CMakeFiles/cmTryCompileExec607642689.dir/CheckIncludeFiles.c.o  -o cmTryCompileExec607642689 -rdynamic 
make[1]: Leaving directory `/home/ubuntu/Documents/race/CMakeFiles/CMakeTmp'


Determining if the function pthread_create exists in the pthread passed with the following output:
Change Dir: /home/ubuntu/Documents/race/CMakeFiles/CMakeTmp

Run Build Command:/usr/bin/make "cmTryCompileExec3905320841/fast"
/usr/bin/make -f CMakeFiles/cmTryCompileExec3905320841.dir/build.make CMakeFiles/cmTryCompileExec3905320841.dir/build
make[1]: Entering directory `/home/ubuntu/Documents/race/CMakeFiles/CMakeTmp'
make[1]: Warning: File `/usr/share/cmake-2.8/Modules/CheckFunctionExists.c' has modification time 1.4e+09 s in the future
/usr/bin/cmake -E cmake_progress_report /home/ubuntu/Documents/race/CMakeFiles/CMakeTmp/CMakeFiles 1
Building C object CMakeFiles/cmTryCompileExec3905320841.dir/CheckFunctionExists.c.o
/usr/bin/cc   -DCHECK_FUNCTION_EXISTS=pthread_create   -o CMakeFiles/cmTryCompileExec3905320841.dir/CheckFunctionExists.c.o   -c /usr/share/cmake-2.8/Modules/CheckFunctionExists.c
Linking C executable cmTryCompileExec3905320841
/usr/bin/cmake -E cmake_link_script CMakeFiles/cmTryCompileExec3905320841.dir/link.txt --verbose=1
/usr/bin/cc   -DCHECK_FUNCTION_EXISTS=pthread_create    CMakeFiles/cmTryCompileExec3905320841.dir/CheckFunctionExists.c.o  -o cmTryCompileExec3905320841 -rdynamic -lpthread 
make[1]: Leaving directory `/home/ubuntu/Documents/race/CMakeFiles/CMakeTmp'
make[1]: warning:  Clock skew detected.  Your build may be incomplete.


Determining if files pthread.h exist passed with the following output:
Change Dir: /home/ubuntu/race/CMakeFiles/CMakeTmp

Run Build Command:/usr/bin/make "cmTryCompileExec2031478644/fast"
/usr/bin/make -f CMakeFiles/cmTryCompileExec2031478644.dir/build.make CMakeFiles/cmTryCompileExec2031478644.dir/build
make[1]: Entering directory `/home/ubuntu/race/CMakeFiles/CMakeTmp'
/usr/bin/cmake -E cmake_progress_report /home/ubuntu/race/CMakeFiles/CMakeTmp/CMakeFiles 1
Building C object CMakeFiles/cmTryCompileExec2031478644.dir/CheckIncludeFiles.c.o
/usr/bin/cc    -o CMakeFiles/cmTryCompileExec2031478644.dir/CheckIncludeFiles.c.o   -c /home/ubuntu/race/CMakeFiles/CMakeTmp/CheckIncludeFiles.c
Linking C executable cmTryCompileExec2031478644
/usr/bin/cmake -E cmake_link_script CMakeFiles/cmTryCompileExec2031478644.dir/link.txt --verbose=1
/usr/bin/cc       CMakeFiles/cmTryCompileExec2031478644.dir/CheckIncludeFiles.c.o  -o cmTryCompileExec2031478644 -rdynamic 
make[1]: Leaving directory `/home/ubuntu/race/CMakeFiles/CMakeTmp'


Determining if the function pthread_create exists in the pthread passed with the following output:
Change Dir: /home/ubuntu/race/CMakeFiles/CMakeTmp

Run Build Command:/usr/bin/make "cmTryCompileExec2644310337/fast"
/usr/bin/make -f CMakeFiles/cmTryCompileExec2644310337.dir/build.make CMakeFiles/cmTryCompileExec2644310337.dir/build
make[1]: Entering directory `/home/ubuntu/race/CMakeFiles/CMakeTmp'
make[1]: Warning: File `/usr/share/cmake-2.8/Modules/CheckFunctionExists.c' has modification time 1.4e+09 s in the future
/usr/bin/cmake -E cmake_progress_report /home/ubuntu/race/CMakeFiles/CMakeTmp/CMakeFiles 1
Building C object CMakeFiles/cmTryCompileExec2644310337.dir/CheckFunctionExists.c.o
/usr/bin/cc   -DCHECK_FUNCTION_EXISTS=pthread_create   -o CMakeFiles/cmTryCompileExec2644310337.dir/CheckFunctionExists.c.o   -c /usr/share/cmake-2.8/Modules/CheckFunctionExists.c
Linking C executable cmTryCompileExec2644310337
/usr/bin/cmake -E cmake_link_script CMakeFiles/cmTryCompileExec2644310337.dir/link.txt --verbose=1
/usr/bin/cc   -DCHECK_FUNCTION_EXISTS=pthread_create    CMakeFiles/cmTryCompileExec2644310337.dir/CheckFunctionExists.c.o  -o cmTryCompileExec2644310337 -rdynamic -lpthread 
make[1]: Leaving directory `/home/ubuntu/race/CMakeFiles/CMakeTmp'
make[1]: warning:  Clock skew detected.  Your build may be incomplete.


